[debug] [2023-02-13T10:56:19.201Z] ----------------------------------------------------------------------
[debug] [2023-02-13T10:56:19.203Z] Command:       D:\GIT\Git\node.exe C:\Users\DEMO\AppData\Roaming\npm\node_modules\firebase-tools\lib\bin\firebase.js init
[debug] [2023-02-13T10:56:19.204Z] CLI Version:   11.22.0
[debug] [2023-02-13T10:56:19.204Z] Platform:      win32
[debug] [2023-02-13T10:56:19.204Z] Node Version:  v18.14.0
[debug] [2023-02-13T10:56:19.205Z] Time:          Mon Feb 13 2023 11:56:19 GMT+0100 (czas środkowoeuropejski standardowy)
[debug] [2023-02-13T10:56:19.205Z] ----------------------------------------------------------------------
[debug] 
[debug] [2023-02-13T10:56:19.214Z] > command requires scopes: ["email","openid","https://www.googleapis.com/auth/cloudplatformprojects.readonly","https://www.googleapis.com/auth/firebase","https://www.googleapis.com/auth/cloud-platform"]
[debug] [2023-02-13T10:56:19.214Z] > authorizing via signed-in user (kontakt@cometweb.pl)
[info] 
     ######## #### ########  ######## ########     ###     ######  ########
     ##        ##  ##     ## ##       ##     ##  ##   ##  ##       ##
     ######    ##  ########  ######   ########  #########  ######  ######
     ##        ##  ##    ##  ##       ##     ## ##     ##       ## ##
     ##       #### ##     ## ######## ########  ##     ##  ######  ########

You're about to initialize a Firebase project in this directory:

  D:\GIT\Git\projects\cometweb\cometweb

[info] 
=== Project Setup
[info] 
[info] First, let's associate this project directory with a Firebase project.
[info] You can create multiple project aliases by running firebase use --add, 
[info] but for now we'll just set up a default project.
[info] 
[debug] [2023-02-13T10:56:29.656Z] >>> [apiv2][query] GET https://firebase.googleapis.com/v1beta1/availableProjects pageSize=100
[debug] [2023-02-13T10:56:30.283Z] <<< [apiv2][status] GET https://firebase.googleapis.com/v1beta1/availableProjects 200
[debug] [2023-02-13T10:56:30.284Z] <<< [apiv2][body] GET https://firebase.googleapis.com/v1beta1/availableProjects [omitted]
[debug] [2023-02-13T10:56:41.816Z] >>> [apiv2][query] POST https://firebase.googleapis.com/v1beta1/projects/cometweb-377710:addFirebase [none]
[debug] [2023-02-13T10:56:42.230Z] <<< [apiv2][status] POST https://firebase.googleapis.com/v1beta1/projects/cometweb-377710:addFirebase 403
[debug] [2023-02-13T10:56:42.230Z] <<< [apiv2][body] POST https://firebase.googleapis.com/v1beta1/projects/cometweb-377710:addFirebase {"error":{"code":403,"message":"The caller does not have permission","status":"PERMISSION_DENIED"}}
[debug] [2023-02-13T10:56:42.231Z] HTTP Error: 403, The caller does not have permission
[debug] [2023-02-13T10:56:42.304Z] FirebaseError: HTTP Error: 403, The caller does not have permission
    at responseToError (C:\Users\DEMO\AppData\Roaming\npm\node_modules\firebase-tools\lib\responseToError.js:49:12)
    at RetryOperation._fn (C:\Users\DEMO\AppData\Roaming\npm\node_modules\firebase-tools\lib\apiv2.js:288:77)
    at process.processTicksAndRejections (node:internal/process/task_queues:95:5)
[error] 
[error] Error: Failed to add Firebase to Google Cloud Platform project. See firebase-debug.log for more info.
